<?xml version="1.0" encoding="UTF-8"?>
<!-- Generated by org.testng.reporters.JUnitXMLReporter -->
<testsuite ignored="0" hostname="DESKTOP-K4O38B7" failures="0" tests="6" name="My Store Project Test" time="131.412" errors="0" timestamp="2024-02-21T01:25:25 GTS">
  <testcase classname="com.mystore.qa.testcases.Index" name="verifyLogo" time="8.282"/>
  <testcase classname="com.mystore.qa.testcases.Index" name="verifyTitle" time="7.7"/>
  <testcase classname="com.mystore.qa.testcases.Home" name="loadHome" time="7.758"/>
  <testcase classname="com.mystore.qa.testcases.Login" name="userLogin" time="15.443"/>
  <testcase classname="com.mystore.qa.testcases.LoginSucess" name="loginSucess" time="20.104"/>
  <testcase classname="com.mystore.qa.testcases.AccountCreation" name="AccountRegisteration" time="36.756"/>
</testsuite> <!-- My Store Project Test -->
